<?xml version="1.0" encoding="utf-8"?><testsuites name="pytest tests"><testsuite name="pytest" errors="0" failures="0" skipped="0" tests="31" time="0.524" timestamp="2025-12-19T16:56:00.765519+08:00" hostname="emmas-MacBook-Pro.local"><testcase classname="src.tests.functional.alertmanager.test_am_alert.TestAlertmanagerAlert" name="test_create_list_delete_alert" time="0.043" /><testcase classname="src.tests.functional.alertmanager.test_am_silence.TestAlertmanagerSilences" name="test_create_list_delete_silence" time="0.009" /><testcase classname="src.tests.functional.alertmanager.test_am_status.TestAlertmanagerStatus" name="test_cluster_status" time="0.005" /><testcase classname="src.tests.functional.alertmanager.test_am_status.TestAlertmanagerStatus" name="test_version_info" time="0.002" /><testcase classname="src.tests.functional.grafana.test_dashboards" name="test_create_dashboard" time="0.025" /><testcase classname="src.tests.functional.grafana.test_dashboards" name="test_get_dashboard" time="0.035" /><testcase classname="src.tests.functional.grafana.test_dashboards" name="test_delete_dashboard" time="0.040" /><testcase classname="src.tests.functional.grafana.test_health" name="test_grafana_health_status" time="0.002" /><testcase classname="src.tests.functional.grafana.test_org" name="test_create_org" time="0.016" /><testcase classname="src.tests.functional.grafana.test_org" name="test_get_org" time="0.017" /><testcase classname="src.tests.functional.grafana.test_org" name="test_update_org" time="0.022" /><testcase classname="src.tests.functional.grafana.test_org" name="test_delete_org" time="0.025" /><testcase classname="src.tests.functional.postgres.test_postgres_basic" name="test_create_table" time="0.068" /><testcase classname="src.tests.functional.postgres.test_postgres_basic" name="test_insert_data" time="0.004" /><testcase classname="src.tests.functional.postgres.test_postgres_basic" name="test_create_multiple_databases" time="0.005" /><testcase classname="src.tests.functional.postgres.test_postgres_basic" name="test_create_tables_in_schemas" time="0.012" /><testcase classname="src.tests.functional.postgres.test_postgres_basic" name="test_insert_data_in_multiple_schemas" time="0.014" /><testcase classname="src.tests.functional.postgres.test_postgres_basic" name="test_query_inserted_data" time="0.004" /><testcase classname="src.tests.functional.postgres.test_postgres_basic" name="test_delete_data" time="0.004" /><testcase classname="src.tests.functional.postgres.test_postgres_basic" name="test_update_data" time="0.005" /><testcase classname="src.tests.functional.prometheus.test_prometheus_api" name="test_query_pg_up" time="0.006" /><testcase classname="src.tests.functional.prometheus.test_prometheus_api" name="test_query_range_empty_metric" time="0.003" /><testcase classname="src.tests.functional.prometheus.test_prometheus_api" name="test_targets_up" time="0.003" /><testcase classname="src.tests.functional.prometheus.test_prometheus_api" name="test_targets_format" time="0.002" /><testcase classname="src.tests.functional.prometheus.test_prometheus_metrics.TestPrometheusPostgresMetrics" name="test_pg_stat_activity_count_labels" time="0.003" /><testcase classname="src.tests.functional.prometheus.test_prometheus_metrics.TestPrometheusPostgresMetrics" name="test_pg_up_metric" time="0.002" /><testcase classname="src.tests.functional.prometheus.test_prometheus_metrics.TestPrometheusPostgresMetrics" name="test_pg_stat_activity_count_total" time="0.003" /><testcase classname="src.tests.functional.prometheus.test_prometheus_rule.TestPrometheusRules" name="test_recording_rules_present" time="0.003" /><testcase classname="src.tests.functional.prometheus.test_prometheus_rule.TestPrometheusRules" name="test_alerting_rules_present" time="0.003" /><testcase classname="src.tests.functional.prometheus.test_prometheus_series" name="test_series_with_up_metric" time="0.003" /><testcase classname="src.tests.functional.prometheus.test_prometheus_series" name="test_series_with_job_selector" time="0.029" /></testsuite></testsuites>